<?xml version="1.0" encoding="UTF-8"?>
<testsuite xmlns:xsi="http://www.w3.org/2001/XMLSchema-instance" xsi:noNamespaceSchemaLocation="https://maven.apache.org/surefire/maven-surefire-plugin/xsd/surefire-test-report.xsd" name="fr.esgi.PlanificationEntretiensTest" time="0.585" tests="3" errors="0" skipped="0" failures="0">
  <properties>
    <property name="sun.desktop" value="windows"/>
    <property name="awt.toolkit" value="sun.awt.windows.WToolkit"/>
    <property name="file.encoding.pkg" value="sun.io"/>
    <property name="java.specification.version" value="1.8"/>
    <property name="sun.cpu.isalist" value="amd64"/>
    <property name="sun.jnu.encoding" value="Cp1252"/>
    <property name="java.class.path" value="C:\Users\JUAN\Google Drive\00_COURS_ESGI\5A\Conception_Piloté_Par_Domain\DDD_project\PlanificationEntretien\target\test-classes;C:\Users\JUAN\Google Drive\00_COURS_ESGI\5A\Conception_Piloté_Par_Domain\DDD_project\PlanificationEntretien\target\classes;C:\Users\JUAN\.m2\repository\junit\junit\4.12\junit-4.12.jar;C:\Users\JUAN\.m2\repository\org\hamcrest\hamcrest-core\1.3\hamcrest-core-1.3.jar;C:\Users\JUAN\.m2\repository\org\projectlombok\lombok\1.16.20\lombok-1.16.20.jar;C:\Users\JUAN\.m2\repository\org\mockito\mockito-core\2.8.9\mockito-core-2.8.9.jar;C:\Users\JUAN\.m2\repository\net\bytebuddy\byte-buddy\1.7.11\byte-buddy-1.7.11.jar;C:\Users\JUAN\.m2\repository\net\bytebuddy\byte-buddy-agent\1.7.11\byte-buddy-agent-1.7.11.jar;C:\Users\JUAN\.m2\repository\org\objenesis\objenesis\2.5\objenesis-2.5.jar;"/>
    <property name="java.vm.vendor" value="Oracle Corporation"/>
    <property name="sun.arch.data.model" value="64"/>
    <property name="user.variant" value=""/>
    <property name="java.vendor.url" value="http://java.oracle.com/"/>
    <property name="user.timezone" value=""/>
    <property name="java.vm.specification.version" value="1.8"/>
    <property name="os.name" value="Windows 10"/>
    <property name="user.country" value="FR"/>
    <property name="sun.java.launcher" value="SUN_STANDARD"/>
    <property name="sun.boot.library.path" value="C:\Program Files\Java\jdk1.8.0_171\jre\bin"/>
    <property name="sun.java.command" value="C:\Users\JUAN\AppData\Local\Temp\surefire4825621874973896364\surefirebooter4428143741237710400.jar C:\Users\JUAN\AppData\Local\Temp\surefire4825621874973896364 2019-02-13T16-19-41_046-jvmRun1 surefire89991799075171702tmp surefire_02869271539512448348tmp"/>
    <property name="surefire.test.class.path" value="C:\Users\JUAN\Google Drive\00_COURS_ESGI\5A\Conception_Piloté_Par_Domain\DDD_project\PlanificationEntretien\target\test-classes;C:\Users\JUAN\Google Drive\00_COURS_ESGI\5A\Conception_Piloté_Par_Domain\DDD_project\PlanificationEntretien\target\classes;C:\Users\JUAN\.m2\repository\junit\junit\4.12\junit-4.12.jar;C:\Users\JUAN\.m2\repository\org\hamcrest\hamcrest-core\1.3\hamcrest-core-1.3.jar;C:\Users\JUAN\.m2\repository\org\projectlombok\lombok\1.16.20\lombok-1.16.20.jar;C:\Users\JUAN\.m2\repository\org\mockito\mockito-core\2.8.9\mockito-core-2.8.9.jar;C:\Users\JUAN\.m2\repository\net\bytebuddy\byte-buddy\1.7.11\byte-buddy-1.7.11.jar;C:\Users\JUAN\.m2\repository\net\bytebuddy\byte-buddy-agent\1.7.11\byte-buddy-agent-1.7.11.jar;C:\Users\JUAN\.m2\repository\org\objenesis\objenesis\2.5\objenesis-2.5.jar;"/>
    <property name="sun.cpu.endian" value="little"/>
    <property name="user.home" value="C:\Users\JUAN"/>
    <property name="user.language" value="fr"/>
    <property name="java.specification.vendor" value="Oracle Corporation"/>
    <property name="java.home" value="C:\Program Files\Java\jdk1.8.0_171\jre"/>
    <property name="basedir" value="C:\Users\JUAN\Google Drive\00_COURS_ESGI\5A\Conception_Piloté_Par_Domain\DDD_project\PlanificationEntretien"/>
    <property name="file.separator" value="\"/>
    <property name="line.separator" value="&#10;"/>
    <property name="java.vm.specification.vendor" value="Oracle Corporation"/>
    <property name="java.specification.name" value="Java Platform API Specification"/>
    <property name="java.awt.graphicsenv" value="sun.awt.Win32GraphicsEnvironment"/>
    <property name="surefire.real.class.path" value="C:\Users\JUAN\AppData\Local\Temp\surefire4825621874973896364\surefirebooter4428143741237710400.jar"/>
    <property name="sun.boot.class.path" value="C:\Program Files\Java\jdk1.8.0_171\jre\lib\resources.jar;C:\Program Files\Java\jdk1.8.0_171\jre\lib\rt.jar;C:\Program Files\Java\jdk1.8.0_171\jre\lib\sunrsasign.jar;C:\Program Files\Java\jdk1.8.0_171\jre\lib\jsse.jar;C:\Program Files\Java\jdk1.8.0_171\jre\lib\jce.jar;C:\Program Files\Java\jdk1.8.0_171\jre\lib\charsets.jar;C:\Program Files\Java\jdk1.8.0_171\jre\lib\jfr.jar;C:\Program Files\Java\jdk1.8.0_171\jre\classes"/>
    <property name="user.script" value=""/>
    <property name="sun.management.compiler" value="HotSpot 64-Bit Tiered Compilers"/>
    <property name="java.runtime.version" value="1.8.0_171-b11"/>
    <property name="user.name" value="JUAN"/>
    <property name="path.separator" value=";"/>
    <property name="os.version" value="10.0"/>
    <property name="java.endorsed.dirs" value="C:\Program Files\Java\jdk1.8.0_171\jre\lib\endorsed"/>
    <property name="java.runtime.name" value="Java(TM) SE Runtime Environment"/>
    <property name="file.encoding" value="Cp1252"/>
    <property name="java.vm.name" value="Java HotSpot(TM) 64-Bit Server VM"/>
    <property name="localRepository" value="C:\Users\JUAN\.m2\repository"/>
    <property name="java.vendor.url.bug" value="http://bugreport.sun.com/bugreport/"/>
    <property name="java.io.tmpdir" value="C:\Users\JUAN\AppData\Local\Temp\"/>
    <property name="idea.version" value="2018.1.4"/>
    <property name="java.version" value="1.8.0_171"/>
    <property name="user.dir" value="C:\Users\JUAN\Google Drive\00_COURS_ESGI\5A\Conception_Piloté_Par_Domain\DDD_project\PlanificationEntretien"/>
    <property name="os.arch" value="amd64"/>
    <property name="java.vm.specification.name" value="Java Virtual Machine Specification"/>
    <property name="java.awt.printerjob" value="sun.awt.windows.WPrinterJob"/>
    <property name="sun.os.patch.level" value=""/>
    <property name="java.library.path" value="C:\Program Files\Java\jdk1.8.0_171\jre\bin;C:\WINDOWS\Sun\Java\bin;C:\WINDOWS\system32;C:\WINDOWS;C:\Program Files (x86)\NVIDIA Corporation\PhysX\Common;C:\Program Files (x86)\Common Files\Intel\Shared Libraries\redist\intel64\compiler;C:\Program Files (x86)\Common Files\Oracle\Java\javapath;C:\ProgramData\Oracle\Java\javapath;C:\WINDOWS\system32;C:\WINDOWS;C:\WINDOWS\System32\Wbem;C:\WINDOWS\System32\WindowsPowerShell\v1.0\;C:\Program Files\dotnet\;C:\DEV\apache-maven-3.5.3\bin;C:\ProgramData\chocolatey\bin;C:\Program Files\Git\cmd;C:\Program Files\PuTTY\;C:\WINDOWS\System32\OpenSSH\;C:\HashiCorp\Vagrant\bin;C:\Program Files\nodejs\;C:\Program Files\Geth;C:\Program Files (x86)\Yarn\bin\;C:\Program Files (x86)\QuickTime\QTSystem\;C:\Users\JUAN\AppData\Local\Programs\Python\Python37\Scripts\;C:\Users\JUAN\AppData\Local\Programs\Python\Python37\;C:\Users\JUAN\AppData\Local\Microsoft\WindowsApps;C:\Users\JUAN\.dotnet\tools;C:\Users\JUAN\AppData\Local\Programs\Microsoft VS Code\bin;C:\Users\JUAN\AppData\Roaming\npm;C:\Users\JUAN\AppData\Local\Yarn\bin;."/>
    <property name="java.vm.info" value="mixed mode"/>
    <property name="java.vendor" value="Oracle Corporation"/>
    <property name="java.vm.version" value="25.171-b11"/>
    <property name="java.ext.dirs" value="C:\Program Files\Java\jdk1.8.0_171\jre\lib\ext;C:\WINDOWS\Sun\Java\lib\ext"/>
    <property name="sun.io.unicode.encoding" value="UnicodeLittle"/>
    <property name="java.class.version" value="52.0"/>
  </properties>
  <testcase name="test_should_not_planifier_entretien_without_ConsultantRecruteur_with_competences" classname="fr.esgi.PlanificationEntretiensTest" time="0.02"/>
  <testcase name="test_should_planifier_entretien" classname="fr.esgi.PlanificationEntretiensTest" time="0"/>
  <testcase name="test_should_not_planifier_entretien_when_ConsultantRecruteur_is_busy" classname="fr.esgi.PlanificationEntretiensTest" time="0.002"/>
</testsuite>